<?xml version="1.0" encoding="UTF-8"?>
<!-- Generated by org.testng.reporters.JUnitReportReporter -->
<testsuite hostname="LAPTOP-VG3DCKA1" failures="0" tests="3" name="mavenpractice.TestNGbasic.Pratice2" time="17.415" errors="0" timestamp="2022-11-17T08:45:44 IST" skipped="0">
  <testcase classname="mavenpractice.TestNGbasic.Pratice2" name="launch" time="6.324"/>
  <system-out/>
  <testcase classname="mavenpractice.TestNGbasic.Pratice2" name="launch" time="4.884"/>
  <system-out/>
  <testcase classname="mavenpractice.TestNGbasic.Pratice2" name="launch" time="6.207"/>
  <system-out/>
</testsuite> <!-- mavenpractice.TestNGbasic.Pratice2 -->
