<?xml version="1.0" encoding="UTF-8"?>
<!-- Generated by org.testng.reporters.JUnitReportReporter -->
<testsuite hostname="LAPTOP-VG3DCKA1" failures="0" tests="1" name="mavenpractice.TestNGbasic.basic1" time="2.395" errors="0" timestamp="2022-11-15T08:45:15 IST" skipped="0">
  <testcase classname="mavenpractice.TestNGbasic.basic1" name="search" time="2.395"/>
  <system-out/>
</testsuite> <!-- mavenpractice.TestNGbasic.basic1 -->
