<?xml version="1.0" encoding="UTF-8"?>
<!-- Generated by org.testng.reporters.JUnitReportReporter -->
<testsuite hostname="LAPTOP-VG3DCKA1" failures="0" tests="1" name="mavenpractice.TestNGbasic.pratice" time="0.007" errors="0" timestamp="2022-11-17T08:18:41 IST" skipped="0">
  <testcase classname="mavenpractice.TestNGbasic.pratice" name="logout" time="0.007"/>
  <system-out/>
</testsuite> <!-- mavenpractice.TestNGbasic.pratice -->
